<?xml version="1.0" encoding="UTF-8"?>
<!-- Generated by org.testng.reporters.JUnitReportReporter -->
<testsuite hostname="DESKTOP-JQAP8PL" failures="0" tests="1" name="com.Magneto.TestLayer.LoginPage" time="13.724" errors="0" timestamp="2023-09-29T13:37:04 IST" skipped="0">
  <testcase classname="com.Magneto.TestLayer.LoginPage" name="verifythatclickonsigninbutton" time="13.724"/>
</testsuite> <!-- com.Magneto.TestLayer.LoginPage -->
