<?xml version="1.0" encoding="UTF-8"?>
<!-- Generated by org.testng.reporters.JUnitReportReporter -->
<testsuite hostname="DESKTOP-6CUE8A3" failures="0" tests="1" name="com.Magneto.TestLayer.LoginTest" time="72.504" errors="0" timestamp="2023-09-30T17:18:51 IST" skipped="0">
  <testcase classname="com.Magneto.TestLayer.LoginTest" name="verifythatclickonsigninbutton" time="72.504"/>
</testsuite> <!-- com.Magneto.TestLayer.LoginTest -->
